[debug] [2019-01-18T17:05:45.295Z] ----------------------------------------------------------------------
[debug] [2019-01-18T17:05:45.299Z] Command:       /Users/scottpappas/.nvm/versions/node/v8.2.1/bin/node /Users/scottpappas/.nvm/versions/node/v8.2.1/bin/firebase deploy
[debug] [2019-01-18T17:05:45.299Z] CLI Version:   6.0.1
[debug] [2019-01-18T17:05:45.299Z] Platform:      darwin
[debug] [2019-01-18T17:05:45.299Z] Node Version:  v8.2.1
[debug] [2019-01-18T17:05:45.300Z] Time:          Fri Jan 18 2019 12:05:45 GMT-0500 (EST)
[debug] [2019-01-18T17:05:45.300Z] ----------------------------------------------------------------------
[debug] 
[debug] [2019-01-18T17:05:45.333Z] > command requires scopes: ["email","openid","https://www.googleapis.com/auth/cloudplatformprojects.readonly","https://www.googleapis.com/auth/firebase","https://www.googleapis.com/auth/cloud-platform"]
[debug] [2019-01-18T17:05:45.333Z] > authorizing via signed-in user
[debug] [2019-01-18T17:05:45.333Z] [iam] checking project uk-csa for permissions ["cloudfunctions.functions.create","cloudfunctions.functions.delete","cloudfunctions.functions.get","cloudfunctions.functions.list","cloudfunctions.functions.update","cloudfunctions.operations.get","firebase.projects.get","firebasehosting.sites.update"]
[debug] [2019-01-18T17:05:45.335Z] > refreshing access token with scopes: ["email","https://www.googleapis.com/auth/cloud-platform","https://www.googleapis.com/auth/cloudplatformprojects.readonly","https://www.googleapis.com/auth/firebase","openid"]
[debug] [2019-01-18T17:05:45.335Z] >>> HTTP REQUEST POST https://www.googleapis.com/oauth2/v3/token  
 <request body omitted>
[debug] [2019-01-18T17:05:45.573Z] <<< HTTP RESPONSE 200
[debug] [2019-01-18T17:05:45.610Z] >>> HTTP REQUEST POST https://cloudresourcemanager.googleapis.com/v1/projects/uk-csa:testIamPermissions  

[debug] [2019-01-18T17:05:45.834Z] <<< HTTP RESPONSE 200
[debug] [2019-01-18T17:05:45.835Z] >>> HTTP REQUEST GET https://firebase.googleapis.com/v1beta1/projects/uk-csa  
 
[debug] [2019-01-18T17:05:46.172Z] <<< HTTP RESPONSE 200
[info] 
[info] === Deploying to 'uk-csa'...
[info] 
[info] i  deploying functions, hosting
[info] Running command: npm --prefix "$RESOURCE_DIR" run lint
[info] ✔  functions: Finished running predeploy script.
[debug] [2019-01-18T17:05:52.803Z] > [functions] package.json contents: {
  "name": "functions",
  "description": "Cloud Functions for Firebase",
  "scripts": {
    "lint": "eslint .",
    "serve": "firebase serve --only functions",
    "shell": "firebase functions:shell",
    "start": "npm run shell",
    "deploy": "firebase deploy --only functions",
    "logs": "firebase functions:log"
  },
  "dependencies": {
    "firebase-admin": "~6.0.0",
    "firebase-functions": "^2.1.0",
    "nodemailer": "^4.6.8"
  },
  "devDependencies": {
    "eslint": "^4.12.0",
    "eslint-plugin-promise": "^3.6.0"
  },
  "private": true
}
[info] i  functions: ensuring necessary APIs are enabled...
[debug] [2019-01-18T17:05:52.804Z] >>> HTTP REQUEST GET https://servicemanagement.googleapis.com/v1/services/cloudfunctions.googleapis.com/projectSettings/uk-csa?view=CONSUMER_VIEW  
 
[debug] [2019-01-18T17:05:52.805Z] >>> HTTP REQUEST GET https://servicemanagement.googleapis.com/v1/services/runtimeconfig.googleapis.com/projectSettings/uk-csa?view=CONSUMER_VIEW  
 
[debug] [2019-01-18T17:05:53.822Z] <<< HTTP RESPONSE 200
[info] ✔  functions: all necessary APIs are enabled
[debug] [2019-01-18T17:05:53.871Z] <<< HTTP RESPONSE 200
[debug] [2019-01-18T17:05:53.872Z] >>> HTTP REQUEST GET https://cloudresourcemanager.googleapis.com/v1/projects/uk-csa  
 
[debug] [2019-01-18T17:05:54.117Z] <<< HTTP RESPONSE 200
[debug] [2019-01-18T17:05:54.118Z] >>> HTTP REQUEST GET https://mobilesdk-pa.googleapis.com/v1/projects/525588741122:getServerAppConfig  
 
[debug] [2019-01-18T17:05:54.373Z] <<< HTTP RESPONSE 200
[debug] [2019-01-18T17:05:54.374Z] >>> HTTP REQUEST POST https://firebasehosting.googleapis.com/v1beta1/sites/uk-csa/versions  

[debug] [2019-01-18T17:05:55.706Z] <<< HTTP RESPONSE 200
[info] i  functions: preparing functions directory for uploading...
[debug] [2019-01-18T17:05:55.708Z] >>> HTTP REQUEST GET https://runtimeconfig.googleapis.com/v1beta1/projects/uk-csa/configs  
 
[debug] [2019-01-18T17:05:56.078Z] <<< HTTP RESPONSE 200
[debug] [2019-01-18T17:05:56.079Z] >>> HTTP REQUEST GET https://runtimeconfig.googleapis.com/v1beta1/projects/uk-csa/configs/segmail/variables  
 
[debug] [2019-01-18T17:05:56.080Z] >>> HTTP REQUEST GET https://runtimeconfig.googleapis.com/v1beta1/projects/uk-csa/configs/sendgrid/variables  
 
[debug] [2019-01-18T17:05:56.080Z] >>> HTTP REQUEST GET https://runtimeconfig.googleapis.com/v1beta1/projects/uk-csa/configs/someservice/variables  
 
[debug] [2019-01-18T17:05:56.080Z] >>> HTTP REQUEST GET https://runtimeconfig.googleapis.com/v1beta1/projects/uk-csa/configs/gmail/variables  
 
[debug] [2019-01-18T17:05:56.258Z] <<< HTTP RESPONSE 200
[debug] [2019-01-18T17:05:56.258Z] >>> HTTP REQUEST GET https://runtimeconfig.googleapis.com/v1beta1/projects/uk-csa/configs/someservice/variables/key  
 
[debug] [2019-01-18T17:05:56.259Z] >>> HTTP REQUEST GET https://runtimeconfig.googleapis.com/v1beta1/projects/uk-csa/configs/someservice/variables/id  
 
[debug] [2019-01-18T17:05:56.368Z] <<< HTTP RESPONSE 200
[debug] [2019-01-18T17:05:56.368Z] >>> HTTP REQUEST GET https://runtimeconfig.googleapis.com/v1beta1/projects/uk-csa/configs/sendgrid/variables/username  
 
[debug] [2019-01-18T17:05:56.369Z] >>> HTTP REQUEST GET https://runtimeconfig.googleapis.com/v1beta1/projects/uk-csa/configs/sendgrid/variables/api  
 
[debug] [2019-01-18T17:05:56.383Z] <<< HTTP RESPONSE 200
[debug] [2019-01-18T17:05:56.383Z] >>> HTTP REQUEST GET https://runtimeconfig.googleapis.com/v1beta1/projects/uk-csa/configs/gmail/variables/email  
 
[debug] [2019-01-18T17:05:56.383Z] >>> HTTP REQUEST GET https://runtimeconfig.googleapis.com/v1beta1/projects/uk-csa/configs/gmail/variables/password  
 
[debug] [2019-01-18T17:05:56.539Z] <<< HTTP RESPONSE 200
[debug] [2019-01-18T17:05:56.540Z] <<< HTTP RESPONSE 200
[debug] [2019-01-18T17:05:56.670Z] <<< HTTP RESPONSE 200
[debug] [2019-01-18T17:05:56.744Z] <<< HTTP RESPONSE 200
[debug] [2019-01-18T17:05:57.135Z] <<< HTTP RESPONSE 200
[debug] [2019-01-18T17:05:57.136Z] >>> HTTP REQUEST GET https://runtimeconfig.googleapis.com/v1beta1/projects/uk-csa/configs/segmail/variables/email  
 
[debug] [2019-01-18T17:05:57.422Z] <<< HTTP RESPONSE 200
[debug] [2019-01-18T17:05:57.871Z] <<< HTTP RESPONSE 200
[debug] [2019-01-18T17:05:58.229Z] <<< HTTP RESPONSE 200
[info] i  functions: packaged functions (53.69 KB) for uploading
[debug] [2019-01-18T17:05:58.829Z] >>> HTTP REQUEST POST https://cloudfunctions.googleapis.com/v1/projects/uk-csa/locations/us-central1/functions:generateUploadUrl  
 
[debug] [2019-01-18T17:05:59.362Z] <<< HTTP RESPONSE 200
[debug] [2019-01-18T17:05:59.363Z] >>> HTTP REQUEST PUT https://storage.googleapis.com/gcf-upload-us-central1-842821ce-4aaa-411b-b2a5-363c2b35bde3/07b9e1dc-bc4a-47f4-977f-55b60791b1e2.zip?GoogleAccessId=service-525588741122@gcf-admin-robot.iam.gserviceaccount.com&Expires=1547832959&Signature=prEnkSGQwVFN5I1WGzKNq81hVq0DB3TXC0IviwjkRfYlkpa5gongZjj9QVlnSTzc75cgyb8fA13l8hdhpDp%2B9gFjSVpVjPj5rdGQ%2B74w2q23GdH5MjS3ODGPS2NEhA9wt8dL4UXsQYQH%2FezhoePZ3TA1KarBbQ7yiYeVN%2Fv2es8Z%2FlLH8SkDoN6XHQkDjeGW%2BQzGyhQ7AdUDvp%2FGZhrZu7k31XWtuy6pn3CXj3TBnMIAjOMYTuV%2F%2BGmyFbhUJEeC2ssDoniwk2PN6JQ4GmqXOgwF1bVrxGx3Q2slrA%2B19wLaTbFf%2FbAe9ghYthKANcxgyet0LeIeSFIVAdLuVMV90Q%3D%3D  

[debug] [2019-01-18T17:05:59.998Z] <<< HTTP RESPONSE 200
[info] ✔  functions: functions folder uploaded successfully
[info] i  hosting[uk-csa]: beginning deploy...
[info] i  hosting[uk-csa]: found 11 files in ./dist
[debug] [2019-01-18T17:06:00.012Z] [hosting] hash cache [ZGlzdA] load error: lines is not defined
[debug] [2019-01-18T17:06:02.291Z] [hosting] hash cache [ZGlzdA] stored for 11 files
[debug] [2019-01-18T17:06:02.291Z] [hosting][hash queue][FINAL]
[debug] [2019-01-18T17:06:02.292Z] >>> HTTP REQUEST POST https://firebasehosting.googleapis.com/v1beta1/sites/uk-csa/versions/0455149348090937:populateFiles  
 <request body omitted>
[debug] [2019-01-18T17:06:03.088Z] <<< HTTP RESPONSE 200
[debug] [2019-01-18T17:06:03.096Z] [hosting][populate queue][FINAL]
[debug] [2019-01-18T17:06:03.096Z] [hosting] uploads queued: 6
[debug] [2019-01-18T17:06:04.762Z] [hosting][upload queue][FINAL]
[info] ✔  hosting[uk-csa]: file upload complete
[debug] [2019-01-18T17:06:04.762Z] [hosting] deploy completed after 4762ms
[debug] [2019-01-18T17:06:04.766Z] >>> HTTP REQUEST GET https://cloudfunctions.googleapis.com/v1/projects/uk-csa/locations/-/functions  
 
[debug] [2019-01-18T17:06:05.324Z] <<< HTTP RESPONSE 200
[info] i  functions: updating Node.js 6 function newOrder(us-central1)...
[debug] [2019-01-18T17:06:05.327Z] Trigger is:  {"eventTrigger":{"resource":"projects/uk-csa/databases/(default)/documents/orders/{userId}","eventType":"providers/cloud.firestore/eventTypes/document.create","service":"firestore.googleapis.com"}}
[debug] [2019-01-18T17:06:05.328Z] >>> HTTP REQUEST PATCH https://cloudfunctions.googleapis.com/v1/projects/uk-csa/locations/us-central1/functions/newOrder {"updateMask":"sourceUploadUrl,name,labels,eventTrigger.resource,eventTrigger.eventType,eventTrigger.service"} 

[debug] [2019-01-18T17:06:06.145Z] <<< HTTP RESPONSE 200
[debug] [2019-01-18T17:06:06.147Z] >>> HTTP REQUEST GET https://cloudfunctions.googleapis.com/v1/operations/dWstY3NhL3VzLWNlbnRyYWwxL25ld09yZGVyL2kybEZBcUcxX3lj  
 
[debug] [2019-01-18T17:06:06.509Z] <<< HTTP RESPONSE 200
[debug] [2019-01-18T17:06:08.513Z] >>> HTTP REQUEST GET https://cloudfunctions.googleapis.com/v1/operations/dWstY3NhL3VzLWNlbnRyYWwxL25ld09yZGVyL2kybEZBcUcxX3lj  
 
[debug] [2019-01-18T17:06:08.903Z] <<< HTTP RESPONSE 200
[debug] [2019-01-18T17:06:10.908Z] >>> HTTP REQUEST GET https://cloudfunctions.googleapis.com/v1/operations/dWstY3NhL3VzLWNlbnRyYWwxL25ld09yZGVyL2kybEZBcUcxX3lj  
 
[debug] [2019-01-18T17:06:11.283Z] <<< HTTP RESPONSE 200
[debug] [2019-01-18T17:06:13.284Z] >>> HTTP REQUEST GET https://cloudfunctions.googleapis.com/v1/operations/dWstY3NhL3VzLWNlbnRyYWwxL25ld09yZGVyL2kybEZBcUcxX3lj  
 
[debug] [2019-01-18T17:06:13.663Z] <<< HTTP RESPONSE 200
[debug] [2019-01-18T17:06:15.666Z] >>> HTTP REQUEST GET https://cloudfunctions.googleapis.com/v1/operations/dWstY3NhL3VzLWNlbnRyYWwxL25ld09yZGVyL2kybEZBcUcxX3lj  
 
[debug] [2019-01-18T17:06:16.038Z] <<< HTTP RESPONSE 200
